<?xml version="1.0" encoding="UTF-8"?>
<testsuite xmlns:xsi="http://www.w3.org/2001/XMLSchema-instance" xsi:noNamespaceSchemaLocation="https://maven.apache.org/surefire/maven-surefire-plugin/xsd/surefire-test-report-3.0.xsd" version="3.0" name="runner.RunCucumberTest" time="0.401" tests="3" errors="3" skipped="0" failures="0">
  <properties>
[...]
</properties>
  <testcase name="" classname="runner.RunCucumberTest" time="0.401">
    <error message="The path to the driver executable must be set by the webdriver.gecko.driver system property; for more information, see https://github.com/mozilla/geckodriver. The latest version can be downloaded from https://github.com/mozilla/geckodriver/releases" type="java.lang.IllegalStateException"><![CDATA[java.lang.IllegalStateException: The path to the driver executable must be set by the webdriver.gecko.driver system property; for more information, see https://github.com/mozilla/geckodriver. The latest version can be downloaded from https://github.com/mozilla/geckodriver/releases
	at runner.RunCucumberTest.start(RunCucumberTest.java:24)
]]></error>
  </testcase>
  <testcase name="" classname="runner.RunCucumberTest" time="0.401">
    <error type="java.lang.NullPointerException"><![CDATA[java.lang.NullPointerException
	at runner.RunCucumberTest.stop(RunCucumberTest.java:29)
]]></error>
  </testcase>
  <testcase name="" classname="runner.RunCucumberTest" time="0.401">
    <error message="java.io.IOException: Failed to create directory C:\Users\pedro\Documents\projetos\automationpractice\target\reports\cucumberReport.json&quot;, &quot;html:target" type="cucumber.runtime.CucumberException"><![CDATA[cucumber.runtime.CucumberException: java.io.IOException: Failed to create directory C:\Users\pedro\Documents\projetos\automationpractice\target\reports\cucumberReport.json", "html:target
Caused by: java.io.IOException: Failed to create directory C:\Users\pedro\Documents\projetos\automationpractice\target\reports\cucumberReport.json", "html:target
]]></error>
  </testcase>
</testsuite>